<?xml version="1.0" encoding="UTF-8"?>
<!-- Generated by org.testng.reporters.JUnitReportReporter -->
<testsuite skipped="0" hostname="ip-172-31-76-77" name="in.amazon.tests.DemoCommonDriver" tests="1" failures="0" timestamp="2020-10-29T07:13:07 UTC" time="2.503" errors="0">
  <testcase name="verifyInvokeBrowser" time="2.503" classname="in.amazon.tests.DemoCommonDriver"/>
  <system-out/>
</testsuite> <!-- in.amazon.tests.DemoCommonDriver -->
