<?xml version="1.0" encoding="UTF-8"?>
<!-- Generated by org.testng.reporters.JUnitReportReporter -->
<testsuite skipped="0" hostname="DESKTOP-8IQA0EJ" name="in.amazon.demo.TestExcelDriver" tests="1" failures="0" timestamp="2020-11-02T11:50:12 IST" time="1.137" errors="0">
  <testcase name="verifyExcelDriver" time="1.137" classname="in.amazon.demo.TestExcelDriver"/>
  <system-out/>
</testsuite> <!-- in.amazon.demo.TestExcelDriver -->
