<?xml version="1.0" encoding="UTF-8"?>
<!-- Generated by org.testng.reporters.JUnitReportReporter -->
<testsuite skipped="0" hostname="ip-172-31-76-77" name="in.amazon.test.HomepageTests" tests="1" failures="0" timestamp="2020-10-30T05:42:40 UTC" time="2.400" errors="0">
  <testcase name="verifySearchProduct" time="2.400" classname="in.amazon.test.HomepageTests"/>
  <system-out/>
</testsuite> <!-- in.amazon.test.HomepageTests -->
